Determining if the pthread_create exist failed with the following output:
Change Dir: /home/gt/crazyflie/crazyflie_ros/src/sim_cf/crazyflie-firmware/sitl_make/build/CMakeFiles/CMakeTmp

Run Build Command:"/usr/bin/make" "cmTC_d7c32/fast"
/usr/bin/make -f CMakeFiles/cmTC_d7c32.dir/build.make CMakeFiles/cmTC_d7c32.dir/build
make[1]: Entering directory '/home/gt/crazyflie/crazyflie_ros/src/sim_cf/crazyflie-firmware/sitl_make/build/CMakeFiles/CMakeTmp'
Building C object CMakeFiles/cmTC_d7c32.dir/CheckSymbolExists.c.o
/usr/bin/cc    -o CMakeFiles/cmTC_d7c32.dir/CheckSymbolExists.c.o   -c /home/gt/crazyflie/crazyflie_ros/src/sim_cf/crazyflie-firmware/sitl_make/build/CMakeFiles/CMakeTmp/CheckSymbolExists.c
Linking C executable cmTC_d7c32
/usr/bin/cmake -E cmake_link_script CMakeFiles/cmTC_d7c32.dir/link.txt --verbose=1
/usr/bin/cc      -rdynamic CMakeFiles/cmTC_d7c32.dir/CheckSymbolExists.c.o  -o cmTC_d7c32 
CMakeFiles/cmTC_d7c32.dir/CheckSymbolExists.c.o: In function `main':
CheckSymbolExists.c:(.text+0x1b): undefined reference to `pthread_create'
collect2: error: ld returned 1 exit status
CMakeFiles/cmTC_d7c32.dir/build.make:97: recipe for target 'cmTC_d7c32' failed
make[1]: *** [cmTC_d7c32] Error 1
make[1]: Leaving directory '/home/gt/crazyflie/crazyflie_ros/src/sim_cf/crazyflie-firmware/sitl_make/build/CMakeFiles/CMakeTmp'
Makefile:126: recipe for target 'cmTC_d7c32/fast' failed
make: *** [cmTC_d7c32/fast] Error 2

File /home/gt/crazyflie/crazyflie_ros/src/sim_cf/crazyflie-firmware/sitl_make/build/CMakeFiles/CMakeTmp/CheckSymbolExists.c:
/* */
#include <pthread.h>

int main(int argc, char** argv)
{
  (void)argv;
#ifndef pthread_create
  return ((int*)(&pthread_create))[argc];
#else
  (void)argc;
  return 0;
#endif
}

Determining if the function pthread_create exists in the pthreads failed with the following output:
Change Dir: /home/gt/crazyflie/crazyflie_ros/src/sim_cf/crazyflie-firmware/sitl_make/build/CMakeFiles/CMakeTmp

Run Build Command:"/usr/bin/make" "cmTC_34c8c/fast"
/usr/bin/make -f CMakeFiles/cmTC_34c8c.dir/build.make CMakeFiles/cmTC_34c8c.dir/build
make[1]: Entering directory '/home/gt/crazyflie/crazyflie_ros/src/sim_cf/crazyflie-firmware/sitl_make/build/CMakeFiles/CMakeTmp'
Building C object CMakeFiles/cmTC_34c8c.dir/CheckFunctionExists.c.o
/usr/bin/cc   -DCHECK_FUNCTION_EXISTS=pthread_create   -o CMakeFiles/cmTC_34c8c.dir/CheckFunctionExists.c.o   -c /usr/share/cmake-3.10/Modules/CheckFunctionExists.c
Linking C executable cmTC_34c8c
/usr/bin/cmake -E cmake_link_script CMakeFiles/cmTC_34c8c.dir/link.txt --verbose=1
/usr/bin/cc  -DCHECK_FUNCTION_EXISTS=pthread_create    -rdynamic CMakeFiles/cmTC_34c8c.dir/CheckFunctionExists.c.o  -o cmTC_34c8c -lpthreads 
/usr/bin/ld: cannot find -lpthreads
collect2: error: ld returned 1 exit status
CMakeFiles/cmTC_34c8c.dir/build.make:97: recipe for target 'cmTC_34c8c' failed
make[1]: *** [cmTC_34c8c] Error 1
make[1]: Leaving directory '/home/gt/crazyflie/crazyflie_ros/src/sim_cf/crazyflie-firmware/sitl_make/build/CMakeFiles/CMakeTmp'
Makefile:126: recipe for target 'cmTC_34c8c/fast' failed
make: *** [cmTC_34c8c/fast] Error 2


